Arguments: 
  C:\Program Files\nodejs\node.exe C:\Users\ridwan\AppData\Roaming\npm\node_modules\yarn\bin\yarn.js init

PATH: 
  C:\WINDOWS\system32;C:\WINDOWS;C:\WINDOWS\System32\Wbem;C:\WINDOWS\System32\WindowsPowerShell\v1.0\;C:\WINDOWS\System32\OpenSSH\;C:\Program Files\Microsoft VS Code\bin;C:\Program Files\Git\cmd;C:\xampp\php;C:\ProgramData\ComposerSetup\bin;C:\Program Files\Java\jdk-18.0.2.1\bin;C:\Users\ridwan\AppData\Local\Programs\Python\Python310;C:\Users\ridwan\AppData\Local\Programs\Python\Python310\Scripts;C:\Program Files\dotnet\;C:\Program Files\Go\bin;C:\Users\ridwan\AppData\Roaming\nvm;C:\Program Files\nodejs;C:\Program Files\Docker\Docker\resources\bin;C:\Users\ridwan\AppData\Local\Microsoft\WindowsApps;C:\Users\WINDOWS 10\AppData\Roaming\npm;C:\Users\Username\AppData\Local\Yarn\bin\;C:\Users\ridwan\AppData\Roaming\Composer\vendor\bin;C:\Users\ridwan\AppData\Local\gitkraken\bin;C:\Users\ridwan\AppData\Local\Microsoft\WindowsApps;C:\Users\ridwan\.dotnet\tools;C:\Users\ridwan\go\bin;C:\Users\ridwan\AppData\Roaming\npm;C:\Users\ridwan\AppData\Roaming\nvm;C:\Program Files\nodejs

Yarn version: 
  1.22.18

Node version: 
  16.18.0

Platform: 
  win32 x64

Trace: 
  Error: canceled
      at Interface.<anonymous> (C:\Users\ridwan\AppData\Roaming\npm\node_modules\yarn\lib\cli.js:137143:13)
      at Interface.emit (node:events:513:28)
      at Interface._ttyWrite (node:readline:1085:16)
      at ReadStream.onkeypress (node:readline:291:10)
      at ReadStream.emit (node:events:513:28)
      at emitKeys (node:internal/readline/utils:357:14)
      at emitKeys.next (<anonymous>)
      at ReadStream.onData (node:internal/readline/emitKeypressEvents:61:36)
      at ReadStream.emit (node:events:513:28)
      at addChunk (node:internal/streams/readable:315:12)

npm manifest: 
  No manifest

yarn manifest: 
  No manifest

Lockfile: 
  No lockfile
